[debug] [2019-12-18T13:17:31.815Z] ----------------------------------------------------------------------
[debug] [2019-12-18T13:17:31.818Z] Command:       C:\Program Files\nodejs\node.exe D:\Usuarios\biaggaro\AppData\Roaming\npm\node_modules\firebase-tools\lib\bin\firebase.js login
[debug] [2019-12-18T13:17:31.818Z] CLI Version:   7.10.0
[debug] [2019-12-18T13:17:31.818Z] Platform:      win32
[debug] [2019-12-18T13:17:31.818Z] Node Version:  v12.13.1
[debug] [2019-12-18T13:17:31.819Z] Time:          Wed Dec 18 2019 14:17:31 GMT+0100 (GMT+01:00)
[debug] [2019-12-18T13:17:31.820Z] ----------------------------------------------------------------------
[debug] [2019-12-18T13:17:31.820Z] 
[info] i  Firebase optionally collects CLI usage and error reporting information to help improve our products. Data is collected in accordance with Google's privacy policy (https://policies.google.com/privacy) and is not used to identify you.

[info] 
[info] Visit this URL on this device to log in:
[info] https://accounts.google.com/o/oauth2/auth?client_id=563584335869-fgrhgmd47bqnekij5i8b5pr03ho849e6.apps.googleusercontent.com&scope=email%20openid%20https%3A%2F%2Fwww.googleapis.com%2Fauth%2Fcloudplatformprojects.readonly%20https%3A%2F%2Fwww.googleapis.com%2Fauth%2Ffirebase%20https%3A%2F%2Fwww.googleapis.com%2Fauth%2Fcloud-platform&response_type=code&state=579851592&redirect_uri=http%3A%2F%2Flocalhost%3A9005
[info] 
[info] Waiting for authentication...
[debug] [2019-12-18T13:17:43.680Z] >>> HTTP REQUEST POST https://accounts.google.com/o/oauth2/token  

[debug] [2019-12-18T13:18:04.681Z] Token Fetch Error: FirebaseError: Server Error. connect ETIMEDOUT 172.217.17.13:443
    at Request._callback (D:\Usuarios\biaggaro\AppData\Roaming\npm\node_modules\firebase-tools\lib\api.js:30:31)
    at self.callback (D:\Usuarios\biaggaro\AppData\Roaming\npm\node_modules\firebase-tools\node_modules\request\request.js:185:22)
    at Request.emit (events.js:210:5)
    at Request.EventEmitter.emit (domain.js:475:20)
    at Request.onRequestError (D:\Usuarios\biaggaro\AppData\Roaming\npm\node_modules\firebase-tools\node_modules\request\request.js:881:8)
    at ClientRequest.emit (events.js:210:5)
    at ClientRequest.EventEmitter.emit (domain.js:475:20)
    at TLSSocket.socketErrorListener (_http_client.js:406:9)
    at TLSSocket.emit (events.js:210:5)
    at TLSSocket.EventEmitter.emit (domain.js:475:20)
    at emitErrorNT (internal/streams/destroy.js:92:8)
    at emitErrorAndCloseNT (internal/streams/destroy.js:60:3)
    at processTicksAndRejections (internal/process/task_queues.js:80:21)
[debug] [2019-12-18T14:17:38.938Z] ----------------------------------------------------------------------
[debug] [2019-12-18T14:17:38.940Z] Command:       C:\Program Files\nodejs\node.exe D:\Usuarios\biaggaro\AppData\Roaming\npm\node_modules\firebase-tools\lib\bin\firebase.js login
[debug] [2019-12-18T14:17:38.941Z] CLI Version:   7.10.0
[debug] [2019-12-18T14:17:38.941Z] Platform:      win32
[debug] [2019-12-18T14:17:38.941Z] Node Version:  v12.13.1
[debug] [2019-12-18T14:17:38.942Z] Time:          Wed Dec 18 2019 15:17:38 GMT+0100 (GMT+01:00)
[debug] [2019-12-18T14:17:38.942Z] ----------------------------------------------------------------------
[debug] [2019-12-18T14:17:38.942Z] 
[info] i  Firebase optionally collects CLI usage and error reporting information to help improve our products. Data is collected in accordance with Google's privacy policy (https://policies.google.com/privacy) and is not used to identify you.

[info] i  To change your data collection preference at any time, run `firebase logout` and log in again.
[info] 
[info] Visit this URL on this device to log in:
[info] https://accounts.google.com/o/oauth2/auth?client_id=563584335869-fgrhgmd47bqnekij5i8b5pr03ho849e6.apps.googleusercontent.com&scope=email%20openid%20https%3A%2F%2Fwww.googleapis.com%2Fauth%2Fcloudplatformprojects.readonly%20https%3A%2F%2Fwww.googleapis.com%2Fauth%2Ffirebase%20https%3A%2F%2Fwww.googleapis.com%2Fauth%2Fcloud-platform&response_type=code&state=811278187&redirect_uri=http%3A%2F%2Flocalhost%3A9005
[info] 
[info] Waiting for authentication...
[debug] [2019-12-18T14:17:52.107Z] >>> HTTP REQUEST POST https://accounts.google.com/o/oauth2/token  

[debug] [2019-12-18T14:18:13.119Z] Token Fetch Error: FirebaseError: Server Error. connect ETIMEDOUT 216.58.201.173:443
    at Request._callback (D:\Usuarios\biaggaro\AppData\Roaming\npm\node_modules\firebase-tools\lib\api.js:30:31)
    at self.callback (D:\Usuarios\biaggaro\AppData\Roaming\npm\node_modules\firebase-tools\node_modules\request\request.js:185:22)
    at Request.emit (events.js:210:5)
    at Request.EventEmitter.emit (domain.js:475:20)
    at Request.onRequestError (D:\Usuarios\biaggaro\AppData\Roaming\npm\node_modules\firebase-tools\node_modules\request\request.js:881:8)
    at ClientRequest.emit (events.js:210:5)
    at ClientRequest.EventEmitter.emit (domain.js:475:20)
    at TLSSocket.socketErrorListener (_http_client.js:406:9)
    at TLSSocket.emit (events.js:210:5)
    at TLSSocket.EventEmitter.emit (domain.js:475:20)
    at emitErrorNT (internal/streams/destroy.js:92:8)
    at emitErrorAndCloseNT (internal/streams/destroy.js:60:3)
    at processTicksAndRejections (internal/process/task_queues.js:80:21)
